  main.c
c:\users\aaron\source\repos\twentyfive\twentyfive\main.c(73): warning C4996: 'scanf': This function or variable may be unsafe. Consider using scanf_s instead. To disable deprecation, use _CRT_SECURE_NO_WARNINGS. See online help for details.
  c:\program files (x86)\windows kits\10\include\10.0.17763.0\ucrt\stdio.h(1274): note: see declaration of 'scanf'
c:\users\aaron\source\repos\twentyfive\twentyfive\main.c(83): warning C4996: 'scanf': This function or variable may be unsafe. Consider using scanf_s instead. To disable deprecation, use _CRT_SECURE_NO_WARNINGS. See online help for details.
  c:\program files (x86)\windows kits\10\include\10.0.17763.0\ucrt\stdio.h(1274): note: see declaration of 'scanf'
c:\users\aaron\source\repos\twentyfive\twentyfive\main.c(105): warning C4996: 'fopen': This function or variable may be unsafe. Consider using fopen_s instead. To disable deprecation, use _CRT_SECURE_NO_WARNINGS. See online help for details.
  c:\program files (x86)\windows kits\10\include\10.0.17763.0\ucrt\stdio.h(208): note: see declaration of 'fopen'
c:\users\aaron\source\repos\twentyfive\twentyfive\main.c(126): warning C4996: 'scanf': This function or variable may be unsafe. Consider using scanf_s instead. To disable deprecation, use _CRT_SECURE_NO_WARNINGS. See online help for details.
  c:\program files (x86)\windows kits\10\include\10.0.17763.0\ucrt\stdio.h(1274): note: see declaration of 'scanf'
c:\users\aaron\source\repos\twentyfive\twentyfive\main.c(133): warning C4996: 'scanf': This function or variable may be unsafe. Consider using scanf_s instead. To disable deprecation, use _CRT_SECURE_NO_WARNINGS. See online help for details.
  c:\program files (x86)\windows kits\10\include\10.0.17763.0\ucrt\stdio.h(1274): note: see declaration of 'scanf'
c:\users\aaron\source\repos\twentyfive\twentyfive\main.c(116): warning C4101: 'playerName': unreferenced local variable
c:\users\aaron\source\repos\twentyfive\twentyfive\main.c(343): warning C4047: '=': 'int' differs in levels of indirection from 'char *'
c:\users\aaron\source\repos\twentyfive\twentyfive\main.c(348): warning C4047: '=': 'int' differs in levels of indirection from 'char *'
c:\users\aaron\source\repos\twentyfive\twentyfive\main.c(353): warning C4047: '=': 'int' differs in levels of indirection from 'char *'
c:\users\aaron\source\repos\twentyfive\twentyfive\main.c(358): warning C4047: '=': 'int' differs in levels of indirection from 'char *'
c:\users\aaron\source\repos\twentyfive\twentyfive\main.c(363): warning C4047: '=': 'int' differs in levels of indirection from 'char *'
c:\users\aaron\source\repos\twentyfive\twentyfive\main.c(383): warning C4047: '==': 'char [10][10]' differs in levels of indirection from 'char [10]'
c:\users\aaron\source\repos\twentyfive\twentyfive\main.c(440): warning C4047: '==': 'char [10][10]' differs in levels of indirection from 'char [10]'
c:\users\aaron\source\repos\twentyfive\twentyfive\main.c(497): warning C4047: '==': 'char [10][10]' differs in levels of indirection from 'char [10]'
c:\users\aaron\source\repos\twentyfive\twentyfive\main.c(554): warning C4047: '==': 'char [10][10]' differs in levels of indirection from 'char [10]'
c:\users\aaron\source\repos\twentyfive\twentyfive\main.c(195): warning C4996: 'strcpy': This function or variable may be unsafe. Consider using strcpy_s instead. To disable deprecation, use _CRT_SECURE_NO_WARNINGS. See online help for details.
  c:\program files (x86)\windows kits\10\include\10.0.17763.0\ucrt\string.h(133): note: see declaration of 'strcpy'
c:\users\aaron\source\repos\twentyfive\twentyfive\main.c(198): warning C4996: 'strcpy': This function or variable may be unsafe. Consider using strcpy_s instead. To disable deprecation, use _CRT_SECURE_NO_WARNINGS. See online help for details.
  c:\program files (x86)\windows kits\10\include\10.0.17763.0\ucrt\string.h(133): note: see declaration of 'strcpy'
c:\users\aaron\source\repos\twentyfive\twentyfive\main.c(201): warning C4996: 'strcpy': This function or variable may be unsafe. Consider using strcpy_s instead. To disable deprecation, use _CRT_SECURE_NO_WARNINGS. See online help for details.
  c:\program files (x86)\windows kits\10\include\10.0.17763.0\ucrt\string.h(133): note: see declaration of 'strcpy'
c:\users\aaron\source\repos\twentyfive\twentyfive\main.c(204): warning C4996: 'strcpy': This function or variable may be unsafe. Consider using strcpy_s instead. To disable deprecation, use _CRT_SECURE_NO_WARNINGS. See online help for details.
  c:\program files (x86)\windows kits\10\include\10.0.17763.0\ucrt\string.h(133): note: see declaration of 'strcpy'
c:\users\aaron\source\repos\twentyfive\twentyfive\main.c(216): warning C4996: 'strcpy': This function or variable may be unsafe. Consider using strcpy_s instead. To disable deprecation, use _CRT_SECURE_NO_WARNINGS. See online help for details.
  c:\program files (x86)\windows kits\10\include\10.0.17763.0\ucrt\string.h(133): note: see declaration of 'strcpy'
c:\users\aaron\source\repos\twentyfive\twentyfive\main.c(219): warning C4996: 'strcpy': This function or variable may be unsafe. Consider using strcpy_s instead. To disable deprecation, use _CRT_SECURE_NO_WARNINGS. See online help for details.
  c:\program files (x86)\windows kits\10\include\10.0.17763.0\ucrt\string.h(133): note: see declaration of 'strcpy'
c:\users\aaron\source\repos\twentyfive\twentyfive\main.c(222): warning C4996: 'strcpy': This function or variable may be unsafe. Consider using strcpy_s instead. To disable deprecation, use _CRT_SECURE_NO_WARNINGS. See online help for details.
  c:\program files (x86)\windows kits\10\include\10.0.17763.0\ucrt\string.h(133): note: see declaration of 'strcpy'
c:\users\aaron\source\repos\twentyfive\twentyfive\main.c(225): warning C4996: 'strcpy': This function or variable may be unsafe. Consider using strcpy_s instead. To disable deprecation, use _CRT_SECURE_NO_WARNINGS. See online help for details.
  c:\program files (x86)\windows kits\10\include\10.0.17763.0\ucrt\string.h(133): note: see declaration of 'strcpy'
c:\users\aaron\source\repos\twentyfive\twentyfive\main.c(228): warning C4996: 'strcpy': This function or variable may be unsafe. Consider using strcpy_s instead. To disable deprecation, use _CRT_SECURE_NO_WARNINGS. See online help for details.
  c:\program files (x86)\windows kits\10\include\10.0.17763.0\ucrt\string.h(133): note: see declaration of 'strcpy'
c:\users\aaron\source\repos\twentyfive\twentyfive\main.c(231): warning C4996: 'strcpy': This function or variable may be unsafe. Consider using strcpy_s instead. To disable deprecation, use _CRT_SECURE_NO_WARNINGS. See online help for details.
  c:\program files (x86)\windows kits\10\include\10.0.17763.0\ucrt\string.h(133): note: see declaration of 'strcpy'
c:\users\aaron\source\repos\twentyfive\twentyfive\main.c(234): warning C4996: 'strcpy': This function or variable may be unsafe. Consider using strcpy_s instead. To disable deprecation, use _CRT_SECURE_NO_WARNINGS. See online help for details.
  c:\program files (x86)\windows kits\10\include\10.0.17763.0\ucrt\string.h(133): note: see declaration of 'strcpy'
c:\users\aaron\source\repos\twentyfive\twentyfive\main.c(237): warning C4996: 'strcpy': This function or variable may be unsafe. Consider using strcpy_s instead. To disable deprecation, use _CRT_SECURE_NO_WARNINGS. See online help for details.
  c:\program files (x86)\windows kits\10\include\10.0.17763.0\ucrt\string.h(133): note: see declaration of 'strcpy'
c:\users\aaron\source\repos\twentyfive\twentyfive\main.c(240): warning C4996: 'strcpy': This function or variable may be unsafe. Consider using strcpy_s instead. To disable deprecation, use _CRT_SECURE_NO_WARNINGS. See online help for details.
  c:\program files (x86)\windows kits\10\include\10.0.17763.0\ucrt\string.h(133): note: see declaration of 'strcpy'
c:\users\aaron\source\repos\twentyfive\twentyfive\main.c(243): warning C4996: 'strcpy': This function or variable may be unsafe. Consider using strcpy_s instead. To disable deprecation, use _CRT_SECURE_NO_WARNINGS. See online help for details.
  c:\program files (x86)\windows kits\10\include\10.0.17763.0\ucrt\string.h(133): note: see declaration of 'strcpy'
c:\users\aaron\source\repos\twentyfive\twentyfive\main.c(246): warning C4996: 'strcpy': This function or variable may be unsafe. Consider using strcpy_s instead. To disable deprecation, use _CRT_SECURE_NO_WARNINGS. See online help for details.
  c:\program files (x86)\windows kits\10\include\10.0.17763.0\ucrt\string.h(133): note: see declaration of 'strcpy'
c:\users\aaron\source\repos\twentyfive\twentyfive\main.c(249): warning C4996: 'strcpy': This function or variable may be unsafe. Consider using strcpy_s instead. To disable deprecation, use _CRT_SECURE_NO_WARNINGS. See online help for details.
  c:\program files (x86)\windows kits\10\include\10.0.17763.0\ucrt\string.h(133): note: see declaration of 'strcpy'
c:\users\aaron\source\repos\twentyfive\twentyfive\main.c(252): warning C4996: 'strcpy': This function or variable may be unsafe. Consider using strcpy_s instead. To disable deprecation, use _CRT_SECURE_NO_WARNINGS. See online help for details.
  c:\program files (x86)\windows kits\10\include\10.0.17763.0\ucrt\string.h(133): note: see declaration of 'strcpy'
c:\users\aaron\source\repos\twentyfive\twentyfive\main.c(264): warning C4996: 'fopen': This function or variable may be unsafe. Consider using fopen_s instead. To disable deprecation, use _CRT_SECURE_NO_WARNINGS. See online help for details.
  c:\program files (x86)\windows kits\10\include\10.0.17763.0\ucrt\stdio.h(208): note: see declaration of 'fopen'
c:\users\aaron\source\repos\twentyfive\twentyfive\main.c(324): warning C4996: 'scanf': This function or variable may be unsafe. Consider using scanf_s instead. To disable deprecation, use _CRT_SECURE_NO_WARNINGS. See online help for details.
  c:\program files (x86)\windows kits\10\include\10.0.17763.0\ucrt\stdio.h(1274): note: see declaration of 'scanf'
c:\users\aaron\source\repos\twentyfive\twentyfive\main.c(335): warning C4996: 'scanf': This function or variable may be unsafe. Consider using scanf_s instead. To disable deprecation, use _CRT_SECURE_NO_WARNINGS. See online help for details.
  c:\program files (x86)\windows kits\10\include\10.0.17763.0\ucrt\stdio.h(1274): note: see declaration of 'scanf'
c:\users\aaron\source\repos\twentyfive\twentyfive\main.c(376): warning C4996: 'scanf': This function or variable may be unsafe. Consider using scanf_s instead. To disable deprecation, use _CRT_SECURE_NO_WARNINGS. See online help for details.
  c:\program files (x86)\windows kits\10\include\10.0.17763.0\ucrt\stdio.h(1274): note: see declaration of 'scanf'
c:\users\aaron\source\repos\twentyfive\twentyfive\main.c(166): warning C4101: 'picked': unreferenced local variable
c:\users\aaron\source\repos\twentyfive\twentyfive\main.c(642): warning C4047: '>': 'int' differs in levels of indirection from 'char [10]'
c:\users\aaron\source\repos\twentyfive\twentyfive\main.c(642): warning C4552: '>': result of expression not used
c:\users\aaron\source\repos\twentyfive\twentyfive\main.c(646): warning C4047: '>': 'int' differs in levels of indirection from 'char [10]'
c:\users\aaron\source\repos\twentyfive\twentyfive\main.c(646): warning C4552: '>': result of expression not used
c:\users\aaron\source\repos\twentyfive\twentyfive\main.c(650): warning C4047: '>': 'int' differs in levels of indirection from 'char [10]'
c:\users\aaron\source\repos\twentyfive\twentyfive\main.c(650): warning C4552: '>': result of expression not used
c:\users\aaron\source\repos\twentyfive\twentyfive\main.c(654): warning C4047: '>': 'int' differs in levels of indirection from 'char [10]'
c:\users\aaron\source\repos\twentyfive\twentyfive\main.c(654): warning C4552: '>': result of expression not used
c:\users\aaron\source\repos\twentyfive\twentyfive\main.c(674): warning C4020: 'strcpy': too many actual parameters
c:\users\aaron\source\repos\twentyfive\twentyfive\main.c(675): warning C4020: 'strcpy': too many actual parameters
c:\users\aaron\source\repos\twentyfive\twentyfive\main.c(676): warning C4020: 'strcpy': too many actual parameters
c:\users\aaron\source\repos\twentyfive\twentyfive\main.c(677): warning C4020: 'strcpy': too many actual parameters
c:\users\aaron\source\repos\twentyfive\twentyfive\main.c(678): warning C4020: 'strcpy': too many actual parameters
c:\users\aaron\source\repos\twentyfive\twentyfive\main.c(679): warning C4020: 'strcpy': too many actual parameters
c:\users\aaron\source\repos\twentyfive\twentyfive\main.c(680): warning C4020: 'strcpy': too many actual parameters
c:\users\aaron\source\repos\twentyfive\twentyfive\main.c(681): warning C4020: 'strcpy': too many actual parameters
c:\users\aaron\source\repos\twentyfive\twentyfive\main.c(682): warning C4020: 'strcpy': too many actual parameters
c:\users\aaron\source\repos\twentyfive\twentyfive\main.c(683): warning C4020: 'strcpy': too many actual parameters
c:\users\aaron\source\repos\twentyfive\twentyfive\main.c(684): warning C4020: 'strcpy': too many actual parameters
c:\users\aaron\source\repos\twentyfive\twentyfive\main.c(685): warning C4020: 'strcpy': too many actual parameters
c:\users\aaron\source\repos\twentyfive\twentyfive\main.c(686): warning C4020: 'strcpy': too many actual parameters
c:\users\aaron\source\repos\twentyfive\twentyfive\main.c(689): warning C4020: 'strcpy': too many actual parameters
c:\users\aaron\source\repos\twentyfive\twentyfive\main.c(690): warning C4020: 'strcpy': too many actual parameters
c:\users\aaron\source\repos\twentyfive\twentyfive\main.c(691): warning C4020: 'strcpy': too many actual parameters
c:\users\aaron\source\repos\twentyfive\twentyfive\main.c(692): warning C4020: 'strcpy': too many actual parameters
c:\users\aaron\source\repos\twentyfive\twentyfive\main.c(674): warning C4996: 'strcpy': This function or variable may be unsafe. Consider using strcpy_s instead. To disable deprecation, use _CRT_SECURE_NO_WARNINGS. See online help for details.
  c:\program files (x86)\windows kits\10\include\10.0.17763.0\ucrt\string.h(133): note: see declaration of 'strcpy'
c:\users\aaron\source\repos\twentyfive\twentyfive\main.c(675): warning C4996: 'strcpy': This function or variable may be unsafe. Consider using strcpy_s instead. To disable deprecation, use _CRT_SECURE_NO_WARNINGS. See online help for details.
  c:\program files (x86)\windows kits\10\include\10.0.17763.0\ucrt\string.h(133): note: see declaration of 'strcpy'
c:\users\aaron\source\repos\twentyfive\twentyfive\main.c(676): warning C4996: 'strcpy': This function or variable may be unsafe. Consider using strcpy_s instead. To disable deprecation, use _CRT_SECURE_NO_WARNINGS. See online help for details.
  c:\program files (x86)\windows kits\10\include\10.0.17763.0\ucrt\string.h(133): note: see declaration of 'strcpy'
c:\users\aaron\source\repos\twentyfive\twentyfive\main.c(677): warning C4996: 'strcpy': This function or variable may be unsafe. Consider using strcpy_s instead. To disable deprecation, use _CRT_SECURE_NO_WARNINGS. See online help for details.
  c:\program files (x86)\windows kits\10\include\10.0.17763.0\ucrt\string.h(133): note: see declaration of 'strcpy'
c:\users\aaron\source\repos\twentyfive\twentyfive\main.c(678): warning C4996: 'strcpy': This function or variable may be unsafe. Consider using strcpy_s instead. To disable deprecation, use _CRT_SECURE_NO_WARNINGS. See online help for details.
  c:\program files (x86)\windows kits\10\include\10.0.17763.0\ucrt\string.h(133): note: see declaration of 'strcpy'
c:\users\aaron\source\repos\twentyfive\twentyfive\main.c(679): warning C4996: 'strcpy': This function or variable may be unsafe. Consider using strcpy_s instead. To disable deprecation, use _CRT_SECURE_NO_WARNINGS. See online help for details.
  c:\program files (x86)\windows kits\10\include\10.0.17763.0\ucrt\string.h(133): note: see declaration of 'strcpy'
c:\users\aaron\source\repos\twentyfive\twentyfive\main.c(680): warning C4996: 'strcpy': This function or variable may be unsafe. Consider using strcpy_s instead. To disable deprecation, use _CRT_SECURE_NO_WARNINGS. See online help for details.
  c:\program files (x86)\windows kits\10\include\10.0.17763.0\ucrt\string.h(133): note: see declaration of 'strcpy'
c:\users\aaron\source\repos\twentyfive\twentyfive\main.c(681): warning C4996: 'strcpy': This function or variable may be unsafe. Consider using strcpy_s instead. To disable deprecation, use _CRT_SECURE_NO_WARNINGS. See online help for details.
  c:\program files (x86)\windows kits\10\include\10.0.17763.0\ucrt\string.h(133): note: see declaration of 'strcpy'
c:\users\aaron\source\repos\twentyfive\twentyfive\main.c(682): warning C4996: 'strcpy': This function or variable may be unsafe. Consider using strcpy_s instead. To disable deprecation, use _CRT_SECURE_NO_WARNINGS. See online help for details.
  c:\program files (x86)\windows kits\10\include\10.0.17763.0\ucrt\string.h(133): note: see declaration of 'strcpy'
c:\users\aaron\source\repos\twentyfive\twentyfive\main.c(683): warning C4996: 'strcpy': This function or variable may be unsafe. Consider using strcpy_s instead. To disable deprecation, use _CRT_SECURE_NO_WARNINGS. See online help for details.
  c:\program files (x86)\windows kits\10\include\10.0.17763.0\ucrt\string.h(133): note: see declaration of 'strcpy'
c:\users\aaron\source\repos\twentyfive\twentyfive\main.c(684): warning C4996: 'strcpy': This function or variable may be unsafe. Consider using strcpy_s instead. To disable deprecation, use _CRT_SECURE_NO_WARNINGS. See online help for details.
  c:\program files (x86)\windows kits\10\include\10.0.17763.0\ucrt\string.h(133): note: see declaration of 'strcpy'
c:\users\aaron\source\repos\twentyfive\twentyfive\main.c(685): warning C4996: 'strcpy': This function or variable may be unsafe. Consider using strcpy_s instead. To disable deprecation, use _CRT_SECURE_NO_WARNINGS. See online help for details.
  c:\program files (x86)\windows kits\10\include\10.0.17763.0\ucrt\string.h(133): note: see declaration of 'strcpy'
c:\users\aaron\source\repos\twentyfive\twentyfive\main.c(686): warning C4996: 'strcpy': This function or variable may be unsafe. Consider using strcpy_s instead. To disable deprecation, use _CRT_SECURE_NO_WARNINGS. See online help for details.
  c:\program files (x86)\windows kits\10\include\10.0.17763.0\ucrt\string.h(133): note: see declaration of 'strcpy'
c:\users\aaron\source\repos\twentyfive\twentyfive\main.c(689): warning C4996: 'strcpy': This function or variable may be unsafe. Consider using strcpy_s instead. To disable deprecation, use _CRT_SECURE_NO_WARNINGS. See online help for details.
  c:\program files (x86)\windows kits\10\include\10.0.17763.0\ucrt\string.h(133): note: see declaration of 'strcpy'
c:\users\aaron\source\repos\twentyfive\twentyfive\main.c(690): warning C4996: 'strcpy': This function or variable may be unsafe. Consider using strcpy_s instead. To disable deprecation, use _CRT_SECURE_NO_WARNINGS. See online help for details.
  c:\program files (x86)\windows kits\10\include\10.0.17763.0\ucrt\string.h(133): note: see declaration of 'strcpy'
c:\users\aaron\source\repos\twentyfive\twentyfive\main.c(691): warning C4996: 'strcpy': This function or variable may be unsafe. Consider using strcpy_s instead. To disable deprecation, use _CRT_SECURE_NO_WARNINGS. See online help for details.
  c:\program files (x86)\windows kits\10\include\10.0.17763.0\ucrt\string.h(133): note: see declaration of 'strcpy'
c:\users\aaron\source\repos\twentyfive\twentyfive\main.c(692): warning C4996: 'strcpy': This function or variable may be unsafe. Consider using strcpy_s instead. To disable deprecation, use _CRT_SECURE_NO_WARNINGS. See online help for details.
  c:\program files (x86)\windows kits\10\include\10.0.17763.0\ucrt\string.h(133): note: see declaration of 'strcpy'
  TwentyFive.vcxproj -> C:\Users\Aaron\source\repos\TwentyFive\Debug\TwentyFive.exe
